Base path: C:/Program Files/Unity 2017.1.1/Editor/Data
Cmd: initializeCompiler
Cmd: preprocess
  insize=3169 outsize=324 ok=1
Cmd: preprocess
  insize=6555 outsize=2880 ok=1
Cmd: compileCompute
  api=4 insize=1846 outsize=1897 ok=1
Cmd: preprocess
  insize=11823 outsize=981 ok=1
Cmd: preprocess
  insize=1524 outsize=233 ok=1
Cmd: compileCompute
  api=4 insize=553 outsize=853 ok=1
Cmd: compileCompute
  api=4 insize=7262 outsize=19673 ok=1
Cmd: preprocess
  insize=780 outsize=232 ok=1
Cmd: preprocess
  insize=9557 outsize=321 ok=1
Cmd: preprocess
  insize=1957 outsize=322 ok=1
Cmd: compileCompute
  api=4 insize=4601 outsize=22537 ok=1
Cmd: preprocess
  insize=2252 outsize=862 ok=1
Cmd: compileCompute
  api=4 insize=2273 outsize=2573 ok=1
Cmd: preprocess
  insize=6244 outsize=385 ok=1
Cmd: preprocess
  insize=628 outsize=231 ok=1
Cmd: preprocess
  insize=1719 outsize=372 ok=1
Cmd: compileCompute
  api=4 insize=8575 outsize=35637 ok=1
Cmd: preprocess
  insize=3259 outsize=703 ok=1
Cmd: preprocess
  insize=3600 outsize=325 ok=1
Cmd: preprocess
  insize=5426 outsize=555 ok=1
Cmd: compileCompute
  api=4 insize=2639 outsize=1717 ok=1
Cmd: compileCompute
  api=4 insize=1510 outsize=1973 ok=1
Cmd: preprocess
  insize=1610 outsize=236 ok=1
Cmd: preprocess
  insize=3627 outsize=237 ok=1
Cmd: preprocess
  insize=2720 outsize=324 ok=1
Cmd: preprocess
  insize=4654 outsize=901 ok=1
Cmd: preprocess
  insize=1253 outsize=411 ok=1
Cmd: preprocess
  insize=2955 outsize=1310 ok=1
Cmd: preprocess
  insize=3750 outsize=385 ok=1
Cmd: compileCompute
  api=4 insize=1236 outsize=2097 ok=1
Cmd: compileCompute
  api=4 insize=1470 outsize=1025 ok=1
Cmd: preprocess
  insize=4575 outsize=587 ok=1
Cmd: preprocess
  insize=2236 outsize=234 ok=1
Cmd: preprocess
  insize=1409 outsize=310 ok=1
Cmd: compileSnippet
  api=4 type=0 insize=2259 outsize=790 kw= pd=UNITY_ENABLE_REFLECTION_BUFFERS UNITY_USE_DITHER_MASK_FOR_ALPHABLENDED_SHADOWS UNITY_PBS_USE_BRDF1 UNITY_SPECCUBE_BOX_PROJECTION UNITY_SPECCUBE_BLENDING UNITY_ENABLE_DETAIL_NORMALMAP SHADER_API_DESKTOP UNITY_COLORSPACE_GAMMA UNITY_LIGHT_PROBE_PROXY_VOLUME ok=1
Cmd: compileSnippet
  api=4 type=1 insize=2259 outsize=402 kw= pd=UNITY_ENABLE_REFLECTION_BUFFERS UNITY_USE_DITHER_MASK_FOR_ALPHABLENDED_SHADOWS UNITY_PBS_USE_BRDF1 UNITY_SPECCUBE_BOX_PROJECTION UNITY_SPECCUBE_BLENDING UNITY_ENABLE_DETAIL_NORMALMAP SHADER_API_DESKTOP UNITY_COLORSPACE_GAMMA UNITY_LIGHT_PROBE_PROXY_VOLUME ok=1
